[INFO] Scanning for projects...
[INFO] 
[INFO] ------------------------< org.jfree:jfreechart >------------------------
[INFO] Building JFreeChart-2.0 2.0.0-SNAPSHOT
[INFO] --------------------------------[ jar ]---------------------------------
[INFO] 
[INFO] --- maven-clean-plugin:3.2.0:clean (default-clean) @ jfreechart ---
[INFO] Deleting C:\Users\Mess10\Documents\GitHub\Ift3913_Tp2\jfreechart-master\jfreechart-master\target
[INFO] 
[INFO] --- jacoco-maven-plugin:0.8.2:prepare-agent (default) @ jfreechart ---
[INFO] argLine set to -javaagent:C:\\Users\\Mess10\\.m2\\repository\\org\\jacoco\\org.jacoco.agent\\0.8.2\\org.jacoco.agent-0.8.2-runtime.jar=destfile=C:\\Users\\Mess10\\Documents\\GitHub\\Ift3913_Tp2\\jfreechart-master\\jfreechart-master\\target\\jacoco.exec
[INFO] 
[INFO] --- maven-resources-plugin:3.2.0:resources (default-resources) @ jfreechart ---
[INFO] Using 'UTF-8' encoding to copy filtered resources.
[INFO] Using 'UTF-8' encoding to copy filtered properties files.
[INFO] Copying 45 resources
[INFO] 
[INFO] --- maven-compiler-plugin:3.10.1:compile (default-compile) @ jfreechart ---
[INFO] Changes detected - recompiling the module!
[INFO] Compiling 664 source files to C:\Users\Mess10\Documents\GitHub\Ift3913_Tp2\jfreechart-master\jfreechart-master\target\classes
[INFO] /C:/Users/Mess10/Documents/GitHub/Ift3913_Tp2/jfreechart-master/jfreechart-master/src/main/java/org/jfree/data/statistics/DefaultBoxAndWhiskerCategoryDataset.java: Some input files use unchecked or unsafe operations.
[INFO] /C:/Users/Mess10/Documents/GitHub/Ift3913_Tp2/jfreechart-master/jfreechart-master/src/main/java/org/jfree/data/statistics/DefaultBoxAndWhiskerCategoryDataset.java: Recompile with -Xlint:unchecked for details.
[INFO] 
[INFO] --- maven-resources-plugin:3.2.0:testResources (default-testResources) @ jfreechart ---
[INFO] Using 'UTF-8' encoding to copy filtered resources.
[INFO] Using 'UTF-8' encoding to copy filtered properties files.
[INFO] skip non existing resourceDirectory C:\Users\Mess10\Documents\GitHub\Ift3913_Tp2\jfreechart-master\jfreechart-master\src\test\resources
[INFO] 
[INFO] --- maven-compiler-plugin:3.10.1:testCompile (default-testCompile) @ jfreechart ---
[INFO] Changes detected - recompiling the module!
[INFO] Compiling 359 source files to C:\Users\Mess10\Documents\GitHub\Ift3913_Tp2\jfreechart-master\jfreechart-master\target\test-classes
[INFO] /C:/Users/Mess10/Documents/GitHub/Ift3913_Tp2/jfreechart-master/jfreechart-master/src/test/java/org/jfree/data/xy/DefaultWindDatasetTest.java: Some input files use unchecked or unsafe operations.
[INFO] /C:/Users/Mess10/Documents/GitHub/Ift3913_Tp2/jfreechart-master/jfreechart-master/src/test/java/org/jfree/data/xy/DefaultWindDatasetTest.java: Recompile with -Xlint:unchecked for details.
[INFO] 
[INFO] --- maven-surefire-plugin:3.0.0-M7:test (default-test) @ jfreechart ---
[INFO] Using auto detected provider org.apache.maven.surefire.junitplatform.JUnitPlatformProvider
[INFO] 
[INFO] -------------------------------------------------------
[INFO]  T E S T S
[INFO] -------------------------------------------------------
[INFO] 
[INFO] Results:
[INFO] 
[INFO] Tests run: 0, Failures: 0, Errors: 0, Skipped: 0
[INFO] 
[WARNING] Corrupted channel by directly writing to native stream in forked JVM 1. See FAQ web page and the dump file C:\Users\Mess10\Documents\GitHub\Ift3913_Tp2\jfreechart-master\jfreechart-master\target\surefire-reports\2022-10-24T17-56-42_852-jvmRun1.dumpstream
[INFO] ------------------------------------------------------------------------
[INFO] BUILD FAILURE
[INFO] ------------------------------------------------------------------------
[INFO] Total time:  12.960 s
[INFO] Finished at: 2022-10-24T17:56:43-07:00
[INFO] ------------------------------------------------------------------------
[ERROR] Failed to execute goal org.apache.maven.plugins:maven-surefire-plugin:3.0.0-M7:test (default-test) on project jfreechart: 
[ERROR] 
[ERROR] Please refer to C:\Users\Mess10\Documents\GitHub\Ift3913_Tp2\jfreechart-master\jfreechart-master\target\surefire-reports for the individual test results.
[ERROR] Please refer to dump files (if any exist) [date].dump, [date]-jvmRun[N].dump and [date].dumpstream.
[ERROR] The forked VM terminated without properly saying goodbye. VM crash or System.exit called?
[ERROR] Command was cmd.exe /X /C ""C:\Program Files\Java\jdk-17.0.1\bin\java" -javaagent:C:\\Users\\Mess10\\.m2\\repository\\org\\jacoco\\org.jacoco.agent\\0.8.2\\org.jacoco.agent-0.8.2-runtime.jar=destfile=C:\\Users\\Mess10\\Documents\\GitHub\\Ift3913_Tp2\\jfreechart-master\\jfreechart-master\\target\\jacoco.exec @C:\Users\Mess10\AppData\Local\Temp\surefire5294141331255909576\surefireargs-20221024175643281_3 C:\Users\Mess10\AppData\Local\Temp\surefire5294141331255909576 2022-10-24T17-56-42_852-jvmRun1 surefire-20221024175643281_1tmp surefire_0-20221024175643281_2tmp"
[ERROR] Error occurred in starting fork, check output in log
[ERROR] Process Exit Code: 1
[ERROR] org.apache.maven.surefire.booter.SurefireBooterForkException: The forked VM terminated without properly saying goodbye. VM crash or System.exit called?
[ERROR] Command was cmd.exe /X /C ""C:\Program Files\Java\jdk-17.0.1\bin\java" -javaagent:C:\\Users\\Mess10\\.m2\\repository\\org\\jacoco\\org.jacoco.agent\\0.8.2\\org.jacoco.agent-0.8.2-runtime.jar=destfile=C:\\Users\\Mess10\\Documents\\GitHub\\Ift3913_Tp2\\jfreechart-master\\jfreechart-master\\target\\jacoco.exec @C:\Users\Mess10\AppData\Local\Temp\surefire5294141331255909576\surefireargs-20221024175643281_3 C:\Users\Mess10\AppData\Local\Temp\surefire5294141331255909576 2022-10-24T17-56-42_852-jvmRun1 surefire-20221024175643281_1tmp surefire_0-20221024175643281_2tmp"
[ERROR] Error occurred in starting fork, check output in log
[ERROR] Process Exit Code: 1
[ERROR] 	at org.apache.maven.plugin.surefire.booterclient.ForkStarter.fork(ForkStarter.java:714)
[ERROR] 	at org.apache.maven.plugin.surefire.booterclient.ForkStarter.run(ForkStarter.java:311)
[ERROR] 	at org.apache.maven.plugin.surefire.booterclient.ForkStarter.run(ForkStarter.java:268)
[ERROR] 	at org.apache.maven.plugin.surefire.AbstractSurefireMojo.executeProvider(AbstractSurefireMojo.java:1334)
[ERROR] 	at org.apache.maven.plugin.surefire.AbstractSurefireMojo.executeAfterPreconditionsChecked(AbstractSurefireMojo.java:1167)
[ERROR] 	at org.apache.maven.plugin.surefire.AbstractSurefireMojo.execute(AbstractSurefireMojo.java:931)
[ERROR] 	at org.apache.maven.plugin.DefaultBuildPluginManager.executeMojo(DefaultBuildPluginManager.java:137)
[ERROR] 	at org.apache.maven.lifecycle.internal.MojoExecutor.doExecute2(MojoExecutor.java:370)
[ERROR] 	at org.apache.maven.lifecycle.internal.MojoExecutor.doExecute(MojoExecutor.java:351)
[ERROR] 	at org.apache.maven.lifecycle.internal.MojoExecutor.execute(MojoExecutor.java:215)
[ERROR] 	at org.apache.maven.lifecycle.internal.MojoExecutor.execute(MojoExecutor.java:171)
[ERROR] 	at org.apache.maven.lifecycle.internal.MojoExecutor.execute(MojoExecutor.java:163)
[ERROR] 	at org.apache.maven.lifecycle.internal.LifecycleModuleBuilder.buildProject(LifecycleModuleBuilder.java:117)
[ERROR] 	at org.apache.maven.lifecycle.internal.LifecycleModuleBuilder.buildProject(LifecycleModuleBuilder.java:81)
[ERROR] 	at org.apache.maven.lifecycle.internal.builder.singlethreaded.SingleThreadedBuilder.build(SingleThreadedBuilder.java:56)
[ERROR] 	at org.apache.maven.lifecycle.internal.LifecycleStarter.execute(LifecycleStarter.java:128)
[ERROR] 	at org.apache.maven.DefaultMaven.doExecute(DefaultMaven.java:294)
[ERROR] 	at org.apache.maven.DefaultMaven.doExecute(DefaultMaven.java:192)
[ERROR] 	at org.apache.maven.DefaultMaven.execute(DefaultMaven.java:105)
[ERROR] 	at org.apache.maven.cli.MavenCli.execute(MavenCli.java:960)
[ERROR] 	at org.apache.maven.cli.MavenCli.doMain(MavenCli.java:293)
[ERROR] 	at org.apache.maven.cli.MavenCli.main(MavenCli.java:196)
[ERROR] 	at java.base/jdk.internal.reflect.NativeMethodAccessorImpl.invoke0(Native Method)
[ERROR] 	at java.base/jdk.internal.reflect.NativeMethodAccessorImpl.invoke(NativeMethodAccessorImpl.java:77)
[ERROR] 	at java.base/jdk.internal.reflect.DelegatingMethodAccessorImpl.invoke(DelegatingMethodAccessorImpl.java:43)
[ERROR] 	at java.base/java.lang.reflect.Method.invoke(Method.java:568)
[ERROR] 	at org.codehaus.plexus.classworlds.launcher.Launcher.launchEnhanced(Launcher.java:282)
[ERROR] 	at org.codehaus.plexus.classworlds.launcher.Launcher.launch(Launcher.java:225)
[ERROR] 	at org.codehaus.plexus.classworlds.launcher.Launcher.mainWithExitCode(Launcher.java:406)
[ERROR] 	at org.codehaus.plexus.classworlds.launcher.Launcher.main(Launcher.java:347)
[ERROR] 
[ERROR] -> [Help 1]
[ERROR] 
[ERROR] To see the full stack trace of the errors, re-run Maven with the -e switch.
[ERROR] Re-run Maven using the -X switch to enable full debug logging.
[ERROR] 
[ERROR] For more information about the errors and possible solutions, please read the following articles:
[ERROR] [Help 1] http://cwiki.apache.org/confluence/display/MAVEN/MojoExecutionException
